Total iterations : 16
Power iterations: 8
Rank: 8
CSV file: /home/kpeer/CMPT_431/LocalPower-SVD/data/covtype.csv
World size: 4
Cumulative computation time between communication intervals:
0, 3.417265
1, 3.450298
2, 3.436907
3, 3.438168
Total time including communication intervals:
11.290449
Error: 4.037727

Total iterations : 16
Power iterations: 8
Rank: 8
CSV file: /home/kpeer/CMPT_431/LocalPower-SVD/data/covtype.csv
World size: 4
Cumulative computation time between communication intervals:
0, 3.411575
1, 3.442270
2, 3.443765
3, 3.434329
Total time including communication intervals:
11.288558
Error: 2.856598

Total iterations : 16
Power iterations: 8
Rank: 8
CSV file: /home/kpeer/CMPT_431/LocalPower-SVD/data/covtype.csv
World size: 4
Cumulative computation time between communication intervals:
0, 3.428297
1, 3.466015
2, 3.442308
3, 3.443817
Total time including communication intervals:
11.123471
Error: 3.964955

Total iterations : 16
Power iterations: 4
Rank: 8
CSV file: /home/kpeer/CMPT_431/LocalPower-SVD/data/covtype.csv
World size: 4
Cumulative computation time between communication intervals:
0, 2.908049
1, 2.938945
2, 2.923202
3, 2.940766
Total time including communication intervals:
10.679459
Error: 3.515373

Total iterations : 16
Power iterations: 4
Rank: 8
CSV file: /home/kpeer/CMPT_431/LocalPower-SVD/data/covtype.csv
World size: 4
Cumulative computation time between communication intervals:
0, 2.891583
1, 2.924214
2, 2.936399
3, 2.940823
Total time including communication intervals:
10.611934
Error: 2.877921

Total iterations : 16
Power iterations: 4
Rank: 8
CSV file: /home/kpeer/CMPT_431/LocalPower-SVD/data/covtype.csv
World size: 4
Cumulative computation time between communication intervals:
0, 2.915651
1, 2.931428
2, 2.924227
3, 2.928908
Total time including communication intervals:
10.768831
Error: 4.040171

Total iterations : 16
Power iterations: 2
Rank: 8
CSV file: /home/kpeer/CMPT_431/LocalPower-SVD/data/covtype.csv
World size: 4
Cumulative computation time between communication intervals:
0, 1.941873
1, 1.963899
2, 1.963947
3, 1.957981
Total time including communication intervals:
9.781293
Error: 4.467779

Total iterations : 16
Power iterations: 2
Rank: 8
CSV file: /home/kpeer/CMPT_431/LocalPower-SVD/data/covtype.csv
World size: 4
Cumulative computation time between communication intervals:
0, 1.912870
1, 1.933833
2, 1.946647
3, 1.946039
Total time including communication intervals:
9.646900
Error: 4.866771

Total iterations : 16
Power iterations: 2
Rank: 8
CSV file: /home/kpeer/CMPT_431/LocalPower-SVD/data/covtype.csv
World size: 4
Cumulative computation time between communication intervals:
0, 1.879650
1, 1.910404
2, 1.903998
3, 1.905229
Total time including communication intervals:
9.664026
Error: 3.966179

